2017-10-23 16:49:26.3534|ERROR|Global|Application error: System.ServiceModel.ServiceActivationException: The service '/Rhetos/RhetosService.svc' cannot be activated due to an exception during compilation.  The exception message is: Could not find a base address that matches scheme https for the endpoint with binding MetadataExchangeHttpsBinding. Registered base address schemes are [http].. ---> System.InvalidOperationException: Could not find a base address that matches scheme https for the endpoint with binding MetadataExchangeHttpsBinding. Registered base address schemes are [http].
   at System.ServiceModel.ServiceHostBase.MakeAbsoluteUri(Uri relativeOrAbsoluteUri, Binding binding, UriSchemeKeyedCollection baseAddresses)
   at System.ServiceModel.Description.ConfigLoader.LoadServiceDescription(ServiceHostBase host, ServiceDescription description, ServiceElement serviceElement, Action`1 addBaseAddress, Boolean skipHost)
   at System.ServiceModel.ServiceHostBase.LoadConfigurationSectionInternal(ConfigLoader configLoader, ServiceDescription description, ServiceElement serviceSection)
   at System.ServiceModel.ServiceHostBase.ApplyConfiguration()
   at System.ServiceModel.ServiceHostBase.InitializeDescription(UriSchemeKeyedCollection baseAddresses)
   at System.ServiceModel.ServiceHost..ctor(Type serviceType, Uri[] baseAddresses)
   at Autofac.Integration.Wcf.AutofacServiceHostFactory.CreateServiceHost(Type serviceType, Uri[] baseAddresses)
   at Autofac.Integration.Wcf.AutofacHostFactory.CreateServiceHost(String constructorString, Uri[] baseAddresses)
   at System.ServiceModel.ServiceHostingEnvironment.HostingManager.CreateService(String normalizedVirtualPath, EventTraceActivity eventTraceActivity)
   at System.ServiceModel.ServiceHostingEnvironment.HostingManager.ActivateService(ServiceActivationInfo serviceActivationInfo, EventTraceActivity eventTraceActivity)
   at System.ServiceModel.ServiceHostingEnvironment.HostingManager.EnsureServiceAvailable(String normalizedVirtualPath, EventTraceActivity eventTraceActivity)
   --- End of inner exception stack trace ---
   at System.Runtime.AsyncResult.End[TAsyncResult](IAsyncResult result)
   at System.ServiceModel.Activation.HostedHttpRequestAsyncResult.End(IAsyncResult result)
   at System.Web.HttpApplication.CallHandlerExecutionStep.OnAsyncHandlerCompletion(IAsyncResult ar)
2017-10-23 16:53:09.9530|ERROR|Global|Application error: System.ServiceModel.ServiceActivationException: The service '/Rhetos/RhetosService.svc' cannot be activated due to an exception during compilation.  The exception message is: A binding instance has already been associated to listen URI 'http://localhost/Rhetos/RhetosService.svc'. If two endpoints want to share the same ListenUri, they must also share the same binding object instance. The two conflicting endpoints were either specified in AddServiceEndpoint() calls, in a config file, or a combination of AddServiceEndpoint() and config. . ---> System.InvalidOperationException: A binding instance has already been associated to listen URI 'http://localhost/Rhetos/RhetosService.svc'. If two endpoints want to share the same ListenUri, they must also share the same binding object instance. The two conflicting endpoints were either specified in AddServiceEndpoint() calls, in a config file, or a combination of AddServiceEndpoint() and config. 
   at System.ServiceModel.Description.DispatcherBuilder.InitializeServiceHost(ServiceDescription description, ServiceHostBase serviceHost)
   at System.ServiceModel.ServiceHostBase.InitializeRuntime()
   at System.ServiceModel.ServiceHostBase.OnOpen(TimeSpan timeout)
   at System.ServiceModel.Channels.CommunicationObject.Open(TimeSpan timeout)
   at System.ServiceModel.ServiceHostingEnvironment.HostingManager.ActivateService(ServiceActivationInfo serviceActivationInfo, EventTraceActivity eventTraceActivity)
   at System.ServiceModel.ServiceHostingEnvironment.HostingManager.EnsureServiceAvailable(String normalizedVirtualPath, EventTraceActivity eventTraceActivity)
   --- End of inner exception stack trace ---
   at System.Runtime.AsyncResult.End[TAsyncResult](IAsyncResult result)
   at System.ServiceModel.Activation.HostedHttpRequestAsyncResult.End(IAsyncResult result)
   at System.Web.HttpApplication.CallHandlerExecutionStep.OnAsyncHandlerCompletion(IAsyncResult ar)
2017-10-23 16:54:01.4143|ERROR|Global|Application error: System.ServiceModel.ServiceActivationException: The service '/Rhetos/RhetosService.svc' cannot be activated due to an exception during compilation.  The exception message is: A binding instance has already been associated to listen URI 'http://localhost/Rhetos/RhetosService.svc'. If two endpoints want to share the same ListenUri, they must also share the same binding object instance. The two conflicting endpoints were either specified in AddServiceEndpoint() calls, in a config file, or a combination of AddServiceEndpoint() and config. . ---> System.InvalidOperationException: A binding instance has already been associated to listen URI 'http://localhost/Rhetos/RhetosService.svc'. If two endpoints want to share the same ListenUri, they must also share the same binding object instance. The two conflicting endpoints were either specified in AddServiceEndpoint() calls, in a config file, or a combination of AddServiceEndpoint() and config. 
   at System.ServiceModel.Description.DispatcherBuilder.InitializeServiceHost(ServiceDescription description, ServiceHostBase serviceHost)
   at System.ServiceModel.ServiceHostBase.InitializeRuntime()
   at System.ServiceModel.ServiceHostBase.OnOpen(TimeSpan timeout)
   at System.ServiceModel.Channels.CommunicationObject.Open(TimeSpan timeout)
   at System.ServiceModel.ServiceHostingEnvironment.HostingManager.ActivateService(ServiceActivationInfo serviceActivationInfo, EventTraceActivity eventTraceActivity)
   at System.ServiceModel.ServiceHostingEnvironment.HostingManager.EnsureServiceAvailable(String normalizedVirtualPath, EventTraceActivity eventTraceActivity)
   --- End of inner exception stack trace ---
   at System.Runtime.AsyncResult.End[TAsyncResult](IAsyncResult result)
   at System.ServiceModel.Activation.HostedHttpRequestAsyncResult.End(IAsyncResult result)
   at System.Web.HttpApplication.CallHandlerExecutionStep.OnAsyncHandlerCompletion(IAsyncResult ar)
2017-10-23 16:56:27.3531|ERROR|Global|Application error: System.ServiceModel.ServiceActivationException: The service '/Rhetos/RhetosService.svc' cannot be activated due to an exception during compilation.  The exception message is: A binding instance has already been associated to listen URI 'http://localhost/Rhetos/RhetosService.svc'. If two endpoints want to share the same ListenUri, they must also share the same binding object instance. The two conflicting endpoints were either specified in AddServiceEndpoint() calls, in a config file, or a combination of AddServiceEndpoint() and config. . ---> System.InvalidOperationException: A binding instance has already been associated to listen URI 'http://localhost/Rhetos/RhetosService.svc'. If two endpoints want to share the same ListenUri, they must also share the same binding object instance. The two conflicting endpoints were either specified in AddServiceEndpoint() calls, in a config file, or a combination of AddServiceEndpoint() and config. 
   at System.ServiceModel.Description.DispatcherBuilder.InitializeServiceHost(ServiceDescription description, ServiceHostBase serviceHost)
   at System.ServiceModel.ServiceHostBase.InitializeRuntime()
   at System.ServiceModel.ServiceHostBase.OnOpen(TimeSpan timeout)
   at System.ServiceModel.Channels.CommunicationObject.Open(TimeSpan timeout)
   at System.ServiceModel.ServiceHostingEnvironment.HostingManager.ActivateService(ServiceActivationInfo serviceActivationInfo, EventTraceActivity eventTraceActivity)
   at System.ServiceModel.ServiceHostingEnvironment.HostingManager.EnsureServiceAvailable(String normalizedVirtualPath, EventTraceActivity eventTraceActivity)
   --- End of inner exception stack trace ---
   at System.Runtime.AsyncResult.End[TAsyncResult](IAsyncResult result)
   at System.ServiceModel.Activation.HostedHttpRequestAsyncResult.End(IAsyncResult result)
   at System.Web.HttpApplication.CallHandlerExecutionStep.OnAsyncHandlerCompletion(IAsyncResult ar)
2017-10-23 16:56:28.9656|ERROR|Global|Application error: System.ServiceModel.ServiceActivationException: The service '/Rhetos/RhetosService.svc' cannot be activated due to an exception during compilation.  The exception message is: A binding instance has already been associated to listen URI 'http://localhost/Rhetos/RhetosService.svc'. If two endpoints want to share the same ListenUri, they must also share the same binding object instance. The two conflicting endpoints were either specified in AddServiceEndpoint() calls, in a config file, or a combination of AddServiceEndpoint() and config. . ---> System.InvalidOperationException: A binding instance has already been associated to listen URI 'http://localhost/Rhetos/RhetosService.svc'. If two endpoints want to share the same ListenUri, they must also share the same binding object instance. The two conflicting endpoints were either specified in AddServiceEndpoint() calls, in a config file, or a combination of AddServiceEndpoint() and config. 
   at System.ServiceModel.Description.DispatcherBuilder.InitializeServiceHost(ServiceDescription description, ServiceHostBase serviceHost)
   at System.ServiceModel.ServiceHostBase.InitializeRuntime()
   at System.ServiceModel.ServiceHostBase.OnOpen(TimeSpan timeout)
   at System.ServiceModel.Channels.CommunicationObject.Open(TimeSpan timeout)
   at System.ServiceModel.ServiceHostingEnvironment.HostingManager.ActivateService(ServiceActivationInfo serviceActivationInfo, EventTraceActivity eventTraceActivity)
   at System.ServiceModel.ServiceHostingEnvironment.HostingManager.EnsureServiceAvailable(String normalizedVirtualPath, EventTraceActivity eventTraceActivity)
   --- End of inner exception stack trace ---
   at System.Runtime.AsyncResult.End[TAsyncResult](IAsyncResult result)
   at System.ServiceModel.Activation.HostedHttpRequestAsyncResult.End(IAsyncResult result)
   at System.Web.HttpApplication.CallHandlerExecutionStep.OnAsyncHandlerCompletion(IAsyncResult ar)
2017-10-23 16:57:03.6694|ERROR|Global|Application error: System.ServiceModel.ServiceActivationException: The service '/Rhetos/RhetosService.svc' cannot be activated due to an exception during compilation.  The exception message is: A binding instance has already been associated to listen URI 'http://localhost/Rhetos/RhetosService.svc'. If two endpoints want to share the same ListenUri, they must also share the same binding object instance. The two conflicting endpoints were either specified in AddServiceEndpoint() calls, in a config file, or a combination of AddServiceEndpoint() and config. . ---> System.InvalidOperationException: A binding instance has already been associated to listen URI 'http://localhost/Rhetos/RhetosService.svc'. If two endpoints want to share the same ListenUri, they must also share the same binding object instance. The two conflicting endpoints were either specified in AddServiceEndpoint() calls, in a config file, or a combination of AddServiceEndpoint() and config. 
   at System.ServiceModel.Description.DispatcherBuilder.InitializeServiceHost(ServiceDescription description, ServiceHostBase serviceHost)
   at System.ServiceModel.ServiceHostBase.InitializeRuntime()
   at System.ServiceModel.ServiceHostBase.OnOpen(TimeSpan timeout)
   at System.ServiceModel.Channels.CommunicationObject.Open(TimeSpan timeout)
   at System.ServiceModel.ServiceHostingEnvironment.HostingManager.ActivateService(ServiceActivationInfo serviceActivationInfo, EventTraceActivity eventTraceActivity)
   at System.ServiceModel.ServiceHostingEnvironment.HostingManager.EnsureServiceAvailable(String normalizedVirtualPath, EventTraceActivity eventTraceActivity)
   --- End of inner exception stack trace ---
   at System.Runtime.AsyncResult.End[TAsyncResult](IAsyncResult result)
   at System.ServiceModel.Activation.HostedHttpRequestAsyncResult.End(IAsyncResult result)
   at System.Web.HttpApplication.CallHandlerExecutionStep.OnAsyncHandlerCompletion(IAsyncResult ar)
2017-10-24 08:19:44.5077|ERROR|Global|Application error: System.ServiceModel.ServiceActivationException: The service '/Rhetos/RhetosService.svc' cannot be activated due to an exception during compilation.  The exception message is: A binding instance has already been associated to listen URI 'http://localhost/Rhetos/RhetosService.svc'. If two endpoints want to share the same ListenUri, they must also share the same binding object instance. The two conflicting endpoints were either specified in AddServiceEndpoint() calls, in a config file, or a combination of AddServiceEndpoint() and config. . ---> System.InvalidOperationException: A binding instance has already been associated to listen URI 'http://localhost/Rhetos/RhetosService.svc'. If two endpoints want to share the same ListenUri, they must also share the same binding object instance. The two conflicting endpoints were either specified in AddServiceEndpoint() calls, in a config file, or a combination of AddServiceEndpoint() and config. 
   at System.ServiceModel.Description.DispatcherBuilder.InitializeServiceHost(ServiceDescription description, ServiceHostBase serviceHost)
   at System.ServiceModel.ServiceHostBase.InitializeRuntime()
   at System.ServiceModel.ServiceHostBase.OnOpen(TimeSpan timeout)
   at System.ServiceModel.Channels.CommunicationObject.Open(TimeSpan timeout)
   at System.ServiceModel.ServiceHostingEnvironment.HostingManager.ActivateService(ServiceActivationInfo serviceActivationInfo, EventTraceActivity eventTraceActivity)
   at System.ServiceModel.ServiceHostingEnvironment.HostingManager.EnsureServiceAvailable(String normalizedVirtualPath, EventTraceActivity eventTraceActivity)
   --- End of inner exception stack trace ---
   at System.Runtime.AsyncResult.End[TAsyncResult](IAsyncResult result)
   at System.ServiceModel.Activation.HostedHttpRequestAsyncResult.End(IAsyncResult result)
   at System.Web.HttpApplication.CallHandlerExecutionStep.OnAsyncHandlerCompletion(IAsyncResult ar)
2017-10-24 08:51:52.4821|ERROR|Global|Application error: System.ServiceModel.ServiceActivationException: The service '/Rhetos/RhetosService.svc' cannot be activated due to an exception during compilation.  The exception message is: The HttpsGetEnabled property of ServiceMetadataBehavior is set to true and the HttpsGetUrl property is a relative address, but there is no https base address.  Either supply an https base address or set HttpsGetUrl to an absolute address.. ---> System.InvalidOperationException: The HttpsGetEnabled property of ServiceMetadataBehavior is set to true and the HttpsGetUrl property is a relative address, but there is no https base address.  Either supply an https base address or set HttpsGetUrl to an absolute address.
   at System.ServiceModel.Description.ServiceMetadataBehavior.CreateHttpGetEndpoints(ServiceDescription description, ServiceHostBase host, ServiceMetadataExtension mex)
   at System.ServiceModel.Description.DispatcherBuilder.InitializeServiceHost(ServiceDescription description, ServiceHostBase serviceHost)
   at System.ServiceModel.ServiceHostBase.InitializeRuntime()
   at System.ServiceModel.ServiceHostBase.OnOpen(TimeSpan timeout)
   at System.ServiceModel.Channels.CommunicationObject.Open(TimeSpan timeout)
   at System.ServiceModel.ServiceHostingEnvironment.HostingManager.ActivateService(ServiceActivationInfo serviceActivationInfo, EventTraceActivity eventTraceActivity)
   at System.ServiceModel.ServiceHostingEnvironment.HostingManager.EnsureServiceAvailable(String normalizedVirtualPath, EventTraceActivity eventTraceActivity)
   --- End of inner exception stack trace ---
   at System.Runtime.AsyncResult.End[TAsyncResult](IAsyncResult result)
   at System.ServiceModel.Activation.HostedHttpRequestAsyncResult.End(IAsyncResult result)
   at System.Web.HttpApplication.CallHandlerExecutionStep.OnAsyncHandlerCompletion(IAsyncResult ar)
2017-10-24 09:04:21.5169|ERROR|Global|Application error: System.ServiceModel.ServiceActivationException: The service '/Rhetos/RhetosService.svc' cannot be activated due to an exception during compilation.  The exception message is: Could not find a base address that matches scheme https for the endpoint with binding BasicHttpBinding. Registered base address schemes are [http].. ---> System.InvalidOperationException: Could not find a base address that matches scheme https for the endpoint with binding BasicHttpBinding. Registered base address schemes are [http].
   at System.ServiceModel.ServiceHostBase.MakeAbsoluteUri(Uri relativeOrAbsoluteUri, Binding binding, UriSchemeKeyedCollection baseAddresses)
   at System.ServiceModel.Description.ConfigLoader.LoadServiceDescription(ServiceHostBase host, ServiceDescription description, ServiceElement serviceElement, Action`1 addBaseAddress, Boolean skipHost)
   at System.ServiceModel.ServiceHostBase.LoadConfigurationSectionInternal(ConfigLoader configLoader, ServiceDescription description, ServiceElement serviceSection)
   at System.ServiceModel.ServiceHostBase.ApplyConfiguration()
   at System.ServiceModel.ServiceHostBase.InitializeDescription(UriSchemeKeyedCollection baseAddresses)
   at System.ServiceModel.ServiceHost..ctor(Type serviceType, Uri[] baseAddresses)
   at Autofac.Integration.Wcf.AutofacServiceHostFactory.CreateServiceHost(Type serviceType, Uri[] baseAddresses)
   at Autofac.Integration.Wcf.AutofacHostFactory.CreateServiceHost(String constructorString, Uri[] baseAddresses)
   at System.ServiceModel.ServiceHostingEnvironment.HostingManager.CreateService(String normalizedVirtualPath, EventTraceActivity eventTraceActivity)
   at System.ServiceModel.ServiceHostingEnvironment.HostingManager.ActivateService(ServiceActivationInfo serviceActivationInfo, EventTraceActivity eventTraceActivity)
   at System.ServiceModel.ServiceHostingEnvironment.HostingManager.EnsureServiceAvailable(String normalizedVirtualPath, EventTraceActivity eventTraceActivity)
   --- End of inner exception stack trace ---
   at System.Runtime.AsyncResult.End[TAsyncResult](IAsyncResult result)
   at System.ServiceModel.Activation.HostedHttpRequestAsyncResult.End(IAsyncResult result)
   at System.Web.HttpApplication.CallHandlerExecutionStep.OnAsyncHandlerCompletion(IAsyncResult ar)
2017-10-24 09:07:10.5236|ERROR|Global|Application error: System.ServiceModel.ServiceActivationException: The service '/Rhetos/RhetosService.svc' cannot be activated due to an exception during compilation.  The exception message is: Unrecognized attribute 'clientcredentialtype'. Note that attribute names are case-sensitive. (C:\inetpub\wwwroot\Rhetos\web.config line 91). ---> System.Configuration.ConfigurationErrorsException: Unrecognized attribute 'clientcredentialtype'. Note that attribute names are case-sensitive. (C:\inetpub\wwwroot\Rhetos\web.config line 91)
   at System.Configuration.BaseConfigurationRecord.EvaluateOne(String[] keys, SectionInput input, Boolean isTrusted, FactoryRecord factoryRecord, SectionRecord sectionRecord, Object parentResult)
   at System.Configuration.BaseConfigurationRecord.Evaluate(FactoryRecord factoryRecord, SectionRecord sectionRecord, Object parentResult, Boolean getLkg, Boolean getRuntimeObject, Object& result, Object& resultRuntimeObject)
   at System.Configuration.BaseConfigurationRecord.GetSectionRecursive(String configKey, Boolean getLkg, Boolean checkPermission, Boolean getRuntimeObject, Boolean requestIsHere, Object& result, Object& resultRuntimeObject)
   at System.Configuration.BaseConfigurationRecord.GetSection(String configKey)
   at System.Web.Configuration.WebConfigurationManager.GetSection(String sectionName, String path)
   at System.ServiceModel.Activation.HostedAspNetEnvironment.UnsafeGetSectionFromWebConfigurationManager(String sectionPath, String virtualPath)
   at System.ServiceModel.Configuration.ConfigurationHelpers.UnsafeGetAssociatedSection(ContextInformation evalContext, String sectionPath)
   at System.ServiceModel.ServiceHostBase.ApplyConfiguration()
   at System.ServiceModel.ServiceHostBase.InitializeDescription(UriSchemeKeyedCollection baseAddresses)
   at System.ServiceModel.ServiceHost..ctor(Type serviceType, Uri[] baseAddresses)
   at Autofac.Integration.Wcf.AutofacServiceHostFactory.CreateServiceHost(Type serviceType, Uri[] baseAddresses)
   at Autofac.Integration.Wcf.AutofacHostFactory.CreateServiceHost(String constructorString, Uri[] baseAddresses)
   at System.ServiceModel.ServiceHostingEnvironment.HostingManager.CreateService(String normalizedVirtualPath, EventTraceActivity eventTraceActivity)
   at System.ServiceModel.ServiceHostingEnvironment.HostingManager.ActivateService(ServiceActivationInfo serviceActivationInfo, EventTraceActivity eventTraceActivity)
   at System.ServiceModel.ServiceHostingEnvironment.HostingManager.EnsureServiceAvailable(String normalizedVirtualPath, EventTraceActivity eventTraceActivity)
   --- End of inner exception stack trace ---
   at System.Runtime.AsyncResult.End[TAsyncResult](IAsyncResult result)
   at System.ServiceModel.Activation.HostedHttpRequestAsyncResult.End(IAsyncResult result)
   at System.Web.HttpApplication.CallHandlerExecutionStep.OnAsyncHandlerCompletion(IAsyncResult ar)
2017-10-24 09:09:38.0557|ERROR|Global|Application error: System.ServiceModel.ServiceActivationException: The service '/Rhetos/RhetosService.svc' cannot be activated due to an exception during compilation.  The exception message is: The authentication schemes configured on the host ('IntegratedWindowsAuthentication') do not allow those configured on the binding 'BasicHttpBinding' ('Anonymous').  Please ensure that the SecurityMode is set to Transport or TransportCredentialOnly.  Additionally, this may be resolved by changing the authentication schemes for this application through the IIS management tool, through the ServiceHost.Authentication.AuthenticationSchemes property, in the application configuration file at the <serviceAuthenticationManager> element, by updating the ClientCredentialType property on the binding, or by adjusting the AuthenticationScheme property on the HttpTransportBindingElement.. ---> System.NotSupportedException: The authentication schemes configured on the host ('IntegratedWindowsAuthentication') do not allow those configured on the binding 'BasicHttpBinding' ('Anonymous').  Please ensure that the SecurityMode is set to Transport or TransportCredentialOnly.  Additionally, this may be resolved by changing the authentication schemes for this application through the IIS management tool, through the ServiceHost.Authentication.AuthenticationSchemes property, in the application configuration file at the <serviceAuthenticationManager> element, by updating the ClientCredentialType property on the binding, or by adjusting the AuthenticationScheme property on the HttpTransportBindingElement.
   at System.ServiceModel.Channels.HttpTransportBindingElement.UpdateAuthenticationSchemes(BindingContext context)
   at System.ServiceModel.Channels.HttpTransportBindingElement.BuildChannelListener[TChannel](BindingContext context)
   at System.ServiceModel.Channels.Binding.BuildChannelListener[TChannel](Uri listenUriBaseAddress, String listenUriRelativeAddress, ListenUriMode listenUriMode, BindingParameterCollection parameters)
   at System.ServiceModel.Description.DispatcherBuilder.MaybeCreateListener(Boolean actuallyCreate, Type[] supportedChannels, Binding binding, BindingParameterCollection parameters, Uri listenUriBaseAddress, String listenUriRelativeAddress, ListenUriMode listenUriMode, ServiceThrottle throttle, IChannelListener& result, Boolean supportContextSession)
   at System.ServiceModel.Description.DispatcherBuilder.BuildChannelListener(StuffPerListenUriInfo stuff, ServiceHostBase serviceHost, Uri listenUri, ListenUriMode listenUriMode, Boolean supportContextSession, IChannelListener& result)
   at System.ServiceModel.Description.DispatcherBuilder.InitializeServiceHost(ServiceDescription description, ServiceHostBase serviceHost)
   at System.ServiceModel.ServiceHostBase.InitializeRuntime()
   at System.ServiceModel.ServiceHostBase.OnOpen(TimeSpan timeout)
   at System.ServiceModel.Channels.CommunicationObject.Open(TimeSpan timeout)
   at System.ServiceModel.ServiceHostingEnvironment.HostingManager.ActivateService(ServiceActivationInfo serviceActivationInfo, EventTraceActivity eventTraceActivity)
   at System.ServiceModel.ServiceHostingEnvironment.HostingManager.EnsureServiceAvailable(String normalizedVirtualPath, EventTraceActivity eventTraceActivity)
   --- End of inner exception stack trace ---
   at System.Runtime.AsyncResult.End[TAsyncResult](IAsyncResult result)
   at System.ServiceModel.Activation.HostedHttpRequestAsyncResult.End(IAsyncResult result)
   at System.Web.HttpApplication.CallHandlerExecutionStep.OnAsyncHandlerCompletion(IAsyncResult ar)
2017-10-24 09:10:10.5302|ERROR|Global|Application error: System.ServiceModel.ServiceActivationException: The service '/Rhetos/RhetosService.svc' cannot be activated due to an exception during compilation.  The exception message is: Could not find a base address that matches scheme https for the endpoint with binding MetadataExchangeHttpsBinding. Registered base address schemes are [http].. ---> System.InvalidOperationException: Could not find a base address that matches scheme https for the endpoint with binding MetadataExchangeHttpsBinding. Registered base address schemes are [http].
   at System.ServiceModel.ServiceHostBase.MakeAbsoluteUri(Uri relativeOrAbsoluteUri, Binding binding, UriSchemeKeyedCollection baseAddresses)
   at System.ServiceModel.Description.ConfigLoader.LoadServiceDescription(ServiceHostBase host, ServiceDescription description, ServiceElement serviceElement, Action`1 addBaseAddress, Boolean skipHost)
   at System.ServiceModel.ServiceHostBase.LoadConfigurationSectionInternal(ConfigLoader configLoader, ServiceDescription description, ServiceElement serviceSection)
   at System.ServiceModel.ServiceHostBase.ApplyConfiguration()
   at System.ServiceModel.ServiceHostBase.InitializeDescription(UriSchemeKeyedCollection baseAddresses)
   at System.ServiceModel.ServiceHost..ctor(Type serviceType, Uri[] baseAddresses)
   at Autofac.Integration.Wcf.AutofacServiceHostFactory.CreateServiceHost(Type serviceType, Uri[] baseAddresses)
   at Autofac.Integration.Wcf.AutofacHostFactory.CreateServiceHost(String constructorString, Uri[] baseAddresses)
   at System.ServiceModel.ServiceHostingEnvironment.HostingManager.CreateService(String normalizedVirtualPath, EventTraceActivity eventTraceActivity)
   at System.ServiceModel.ServiceHostingEnvironment.HostingManager.ActivateService(ServiceActivationInfo serviceActivationInfo, EventTraceActivity eventTraceActivity)
   at System.ServiceModel.ServiceHostingEnvironment.HostingManager.EnsureServiceAvailable(String normalizedVirtualPath, EventTraceActivity eventTraceActivity)
   --- End of inner exception stack trace ---
   at System.Runtime.AsyncResult.End[TAsyncResult](IAsyncResult result)
   at System.ServiceModel.Activation.HostedHttpRequestAsyncResult.End(IAsyncResult result)
   at System.Web.HttpApplication.CallHandlerExecutionStep.OnAsyncHandlerCompletion(IAsyncResult ar)
2017-10-24 09:10:46.1468|ERROR|Global|Application error: System.ServiceModel.ServiceActivationException: The service '/Rhetos/RhetosService.svc' cannot be activated due to an exception during compilation.  The exception message is: Could not find a base address that matches scheme https for the endpoint with binding MetadataExchangeHttpsBinding. Registered base address schemes are [http].. ---> System.InvalidOperationException: Could not find a base address that matches scheme https for the endpoint with binding MetadataExchangeHttpsBinding. Registered base address schemes are [http].
   at System.ServiceModel.ServiceHostBase.MakeAbsoluteUri(Uri relativeOrAbsoluteUri, Binding binding, UriSchemeKeyedCollection baseAddresses)
   at System.ServiceModel.Description.ConfigLoader.LoadServiceDescription(ServiceHostBase host, ServiceDescription description, ServiceElement serviceElement, Action`1 addBaseAddress, Boolean skipHost)
   at System.ServiceModel.ServiceHostBase.LoadConfigurationSectionInternal(ConfigLoader configLoader, ServiceDescription description, ServiceElement serviceSection)
   at System.ServiceModel.ServiceHostBase.ApplyConfiguration()
   at System.ServiceModel.ServiceHostBase.InitializeDescription(UriSchemeKeyedCollection baseAddresses)
   at System.ServiceModel.ServiceHost..ctor(Type serviceType, Uri[] baseAddresses)
   at Autofac.Integration.Wcf.AutofacServiceHostFactory.CreateServiceHost(Type serviceType, Uri[] baseAddresses)
   at Autofac.Integration.Wcf.AutofacHostFactory.CreateServiceHost(String constructorString, Uri[] baseAddresses)
   at System.ServiceModel.ServiceHostingEnvironment.HostingManager.CreateService(String normalizedVirtualPath, EventTraceActivity eventTraceActivity)
   at System.ServiceModel.ServiceHostingEnvironment.HostingManager.ActivateService(ServiceActivationInfo serviceActivationInfo, EventTraceActivity eventTraceActivity)
   at System.ServiceModel.ServiceHostingEnvironment.HostingManager.EnsureServiceAvailable(String normalizedVirtualPath, EventTraceActivity eventTraceActivity)
   --- End of inner exception stack trace ---
   at System.Runtime.AsyncResult.End[TAsyncResult](IAsyncResult result)
   at System.ServiceModel.Activation.HostedHttpRequestAsyncResult.End(IAsyncResult result)
   at System.Web.HttpApplication.CallHandlerExecutionStep.OnAsyncHandlerCompletion(IAsyncResult ar)
2017-10-24 09:11:13.2942|ERROR|Global|Application error: System.ServiceModel.ServiceActivationException: The service '/Rhetos/RhetosService.svc' cannot be activated due to an exception during compilation.  The exception message is: Could not find a base address that matches scheme https for the endpoint with binding MetadataExchangeHttpsBinding. Registered base address schemes are [http].. ---> System.InvalidOperationException: Could not find a base address that matches scheme https for the endpoint with binding MetadataExchangeHttpsBinding. Registered base address schemes are [http].
   at System.ServiceModel.ServiceHostBase.MakeAbsoluteUri(Uri relativeOrAbsoluteUri, Binding binding, UriSchemeKeyedCollection baseAddresses)
   at System.ServiceModel.Description.ConfigLoader.LoadServiceDescription(ServiceHostBase host, ServiceDescription description, ServiceElement serviceElement, Action`1 addBaseAddress, Boolean skipHost)
   at System.ServiceModel.ServiceHostBase.LoadConfigurationSectionInternal(ConfigLoader configLoader, ServiceDescription description, ServiceElement serviceSection)
   at System.ServiceModel.ServiceHostBase.ApplyConfiguration()
   at System.ServiceModel.ServiceHostBase.InitializeDescription(UriSchemeKeyedCollection baseAddresses)
   at System.ServiceModel.ServiceHost..ctor(Type serviceType, Uri[] baseAddresses)
   at Autofac.Integration.Wcf.AutofacServiceHostFactory.CreateServiceHost(Type serviceType, Uri[] baseAddresses)
   at Autofac.Integration.Wcf.AutofacHostFactory.CreateServiceHost(String constructorString, Uri[] baseAddresses)
   at System.ServiceModel.ServiceHostingEnvironment.HostingManager.CreateService(String normalizedVirtualPath, EventTraceActivity eventTraceActivity)
   at System.ServiceModel.ServiceHostingEnvironment.HostingManager.ActivateService(ServiceActivationInfo serviceActivationInfo, EventTraceActivity eventTraceActivity)
   at System.ServiceModel.ServiceHostingEnvironment.HostingManager.EnsureServiceAvailable(String normalizedVirtualPath, EventTraceActivity eventTraceActivity)
   --- End of inner exception stack trace ---
   at System.Runtime.AsyncResult.End[TAsyncResult](IAsyncResult result)
   at System.ServiceModel.Activation.HostedHttpRequestAsyncResult.End(IAsyncResult result)
   at System.Web.HttpApplication.CallHandlerExecutionStep.OnAsyncHandlerCompletion(IAsyncResult ar)
2017-10-24 09:12:05.2008|ERROR|Global|Application error: System.ServiceModel.ServiceActivationException: The service '/Rhetos/RhetosService.svc' cannot be activated due to an exception during compilation.  The exception message is: Could not find a base address that matches scheme https for the endpoint with binding BasicHttpBinding. Registered base address schemes are [http].. ---> System.InvalidOperationException: Could not find a base address that matches scheme https for the endpoint with binding BasicHttpBinding. Registered base address schemes are [http].
   at System.ServiceModel.ServiceHostBase.MakeAbsoluteUri(Uri relativeOrAbsoluteUri, Binding binding, UriSchemeKeyedCollection baseAddresses)
   at System.ServiceModel.Description.ConfigLoader.LoadServiceDescription(ServiceHostBase host, ServiceDescription description, ServiceElement serviceElement, Action`1 addBaseAddress, Boolean skipHost)
   at System.ServiceModel.ServiceHostBase.LoadConfigurationSectionInternal(ConfigLoader configLoader, ServiceDescription description, ServiceElement serviceSection)
   at System.ServiceModel.ServiceHostBase.ApplyConfiguration()
   at System.ServiceModel.ServiceHostBase.InitializeDescription(UriSchemeKeyedCollection baseAddresses)
   at System.ServiceModel.ServiceHost..ctor(Type serviceType, Uri[] baseAddresses)
   at Autofac.Integration.Wcf.AutofacServiceHostFactory.CreateServiceHost(Type serviceType, Uri[] baseAddresses)
   at Autofac.Integration.Wcf.AutofacHostFactory.CreateServiceHost(String constructorString, Uri[] baseAddresses)
   at System.ServiceModel.ServiceHostingEnvironment.HostingManager.CreateService(String normalizedVirtualPath, EventTraceActivity eventTraceActivity)
   at System.ServiceModel.ServiceHostingEnvironment.HostingManager.ActivateService(ServiceActivationInfo serviceActivationInfo, EventTraceActivity eventTraceActivity)
   at System.ServiceModel.ServiceHostingEnvironment.HostingManager.EnsureServiceAvailable(String normalizedVirtualPath, EventTraceActivity eventTraceActivity)
   --- End of inner exception stack trace ---
   at System.Runtime.AsyncResult.End[TAsyncResult](IAsyncResult result)
   at System.ServiceModel.Activation.HostedHttpRequestAsyncResult.End(IAsyncResult result)
   at System.Web.HttpApplication.CallHandlerExecutionStep.OnAsyncHandlerCompletion(IAsyncResult ar)
2017-10-24 09:12:06.2166|ERROR|Global|Application error: System.ServiceModel.ServiceActivationException: The service '/Rhetos/RhetosService.svc' cannot be activated due to an exception during compilation.  The exception message is: Could not find a base address that matches scheme https for the endpoint with binding BasicHttpBinding. Registered base address schemes are [http].. ---> System.InvalidOperationException: Could not find a base address that matches scheme https for the endpoint with binding BasicHttpBinding. Registered base address schemes are [http].
   at System.ServiceModel.ServiceHostBase.MakeAbsoluteUri(Uri relativeOrAbsoluteUri, Binding binding, UriSchemeKeyedCollection baseAddresses)
   at System.ServiceModel.Description.ConfigLoader.LoadServiceDescription(ServiceHostBase host, ServiceDescription description, ServiceElement serviceElement, Action`1 addBaseAddress, Boolean skipHost)
   at System.ServiceModel.ServiceHostBase.LoadConfigurationSectionInternal(ConfigLoader configLoader, ServiceDescription description, ServiceElement serviceSection)
   at System.ServiceModel.ServiceHostBase.ApplyConfiguration()
   at System.ServiceModel.ServiceHostBase.InitializeDescription(UriSchemeKeyedCollection baseAddresses)
   at System.ServiceModel.ServiceHost..ctor(Type serviceType, Uri[] baseAddresses)
   at Autofac.Integration.Wcf.AutofacServiceHostFactory.CreateServiceHost(Type serviceType, Uri[] baseAddresses)
   at Autofac.Integration.Wcf.AutofacHostFactory.CreateServiceHost(String constructorString, Uri[] baseAddresses)
   at System.ServiceModel.ServiceHostingEnvironment.HostingManager.CreateService(String normalizedVirtualPath, EventTraceActivity eventTraceActivity)
   at System.ServiceModel.ServiceHostingEnvironment.HostingManager.ActivateService(ServiceActivationInfo serviceActivationInfo, EventTraceActivity eventTraceActivity)
   at System.ServiceModel.ServiceHostingEnvironment.HostingManager.EnsureServiceAvailable(String normalizedVirtualPath, EventTraceActivity eventTraceActivity)
   --- End of inner exception stack trace ---
   at System.Runtime.AsyncResult.End[TAsyncResult](IAsyncResult result)
   at System.ServiceModel.Activation.HostedHttpRequestAsyncResult.End(IAsyncResult result)
   at System.Web.HttpApplication.CallHandlerExecutionStep.OnAsyncHandlerCompletion(IAsyncResult ar)
2017-10-24 09:16:47.7597|ERROR|Global|Application error: System.ServiceModel.ServiceActivationException: The service '/Rhetos/RhetosService.svc' cannot be activated due to an exception during compilation.  The exception message is: Could not find a base address that matches scheme https for the endpoint with binding BasicHttpBinding. Registered base address schemes are [http].. ---> System.InvalidOperationException: Could not find a base address that matches scheme https for the endpoint with binding BasicHttpBinding. Registered base address schemes are [http].
   at System.ServiceModel.ServiceHostBase.MakeAbsoluteUri(Uri relativeOrAbsoluteUri, Binding binding, UriSchemeKeyedCollection baseAddresses)
   at System.ServiceModel.Description.ConfigLoader.LoadServiceDescription(ServiceHostBase host, ServiceDescription description, ServiceElement serviceElement, Action`1 addBaseAddress, Boolean skipHost)
   at System.ServiceModel.ServiceHostBase.LoadConfigurationSectionInternal(ConfigLoader configLoader, ServiceDescription description, ServiceElement serviceSection)
   at System.ServiceModel.ServiceHostBase.ApplyConfiguration()
   at System.ServiceModel.ServiceHostBase.InitializeDescription(UriSchemeKeyedCollection baseAddresses)
   at System.ServiceModel.ServiceHost..ctor(Type serviceType, Uri[] baseAddresses)
   at Autofac.Integration.Wcf.AutofacServiceHostFactory.CreateServiceHost(Type serviceType, Uri[] baseAddresses)
   at Autofac.Integration.Wcf.AutofacHostFactory.CreateServiceHost(String constructorString, Uri[] baseAddresses)
   at System.ServiceModel.ServiceHostingEnvironment.HostingManager.CreateService(String normalizedVirtualPath, EventTraceActivity eventTraceActivity)
   at System.ServiceModel.ServiceHostingEnvironment.HostingManager.ActivateService(ServiceActivationInfo serviceActivationInfo, EventTraceActivity eventTraceActivity)
   at System.ServiceModel.ServiceHostingEnvironment.HostingManager.EnsureServiceAvailable(String normalizedVirtualPath, EventTraceActivity eventTraceActivity)
   --- End of inner exception stack trace ---
   at System.Runtime.AsyncResult.End[TAsyncResult](IAsyncResult result)
   at System.ServiceModel.Activation.HostedHttpRequestAsyncResult.End(IAsyncResult result)
   at System.Web.HttpApplication.CallHandlerExecutionStep.OnAsyncHandlerCompletion(IAsyncResult ar)
2017-10-24 09:17:18.2124|ERROR|Global|Application error: System.ServiceModel.ServiceActivationException: The service '/Rhetos/RhetosService.svc' cannot be activated due to an exception during compilation.  The exception message is: Could not find a base address that matches scheme https for the endpoint with binding MetadataExchangeHttpsBinding. Registered base address schemes are [http].. ---> System.InvalidOperationException: Could not find a base address that matches scheme https for the endpoint with binding MetadataExchangeHttpsBinding. Registered base address schemes are [http].
   at System.ServiceModel.ServiceHostBase.MakeAbsoluteUri(Uri relativeOrAbsoluteUri, Binding binding, UriSchemeKeyedCollection baseAddresses)
   at System.ServiceModel.Description.ConfigLoader.LoadServiceDescription(ServiceHostBase host, ServiceDescription description, ServiceElement serviceElement, Action`1 addBaseAddress, Boolean skipHost)
   at System.ServiceModel.ServiceHostBase.LoadConfigurationSectionInternal(ConfigLoader configLoader, ServiceDescription description, ServiceElement serviceSection)
   at System.ServiceModel.ServiceHostBase.ApplyConfiguration()
   at System.ServiceModel.ServiceHostBase.InitializeDescription(UriSchemeKeyedCollection baseAddresses)
   at System.ServiceModel.ServiceHost..ctor(Type serviceType, Uri[] baseAddresses)
   at Autofac.Integration.Wcf.AutofacServiceHostFactory.CreateServiceHost(Type serviceType, Uri[] baseAddresses)
   at Autofac.Integration.Wcf.AutofacHostFactory.CreateServiceHost(String constructorString, Uri[] baseAddresses)
   at System.ServiceModel.ServiceHostingEnvironment.HostingManager.CreateService(String normalizedVirtualPath, EventTraceActivity eventTraceActivity)
   at System.ServiceModel.ServiceHostingEnvironment.HostingManager.ActivateService(ServiceActivationInfo serviceActivationInfo, EventTraceActivity eventTraceActivity)
   at System.ServiceModel.ServiceHostingEnvironment.HostingManager.EnsureServiceAvailable(String normalizedVirtualPath, EventTraceActivity eventTraceActivity)
   --- End of inner exception stack trace ---
   at System.Runtime.AsyncResult.End[TAsyncResult](IAsyncResult result)
   at System.ServiceModel.Activation.HostedHttpRequestAsyncResult.End(IAsyncResult result)
   at System.Web.HttpApplication.CallHandlerExecutionStep.OnAsyncHandlerCompletion(IAsyncResult ar)
2017-10-24 09:17:31.7501|ERROR|Global|Application error: System.ServiceModel.ServiceActivationException: The service '/Rhetos/RhetosService.svc' cannot be activated due to an exception during compilation.  The exception message is: Could not find a base address that matches scheme https for the endpoint with binding MetadataExchangeHttpsBinding. Registered base address schemes are [http].. ---> System.InvalidOperationException: Could not find a base address that matches scheme https for the endpoint with binding MetadataExchangeHttpsBinding. Registered base address schemes are [http].
   at System.ServiceModel.ServiceHostBase.MakeAbsoluteUri(Uri relativeOrAbsoluteUri, Binding binding, UriSchemeKeyedCollection baseAddresses)
   at System.ServiceModel.Description.ConfigLoader.LoadServiceDescription(ServiceHostBase host, ServiceDescription description, ServiceElement serviceElement, Action`1 addBaseAddress, Boolean skipHost)
   at System.ServiceModel.ServiceHostBase.LoadConfigurationSectionInternal(ConfigLoader configLoader, ServiceDescription description, ServiceElement serviceSection)
   at System.ServiceModel.ServiceHostBase.ApplyConfiguration()
   at System.ServiceModel.ServiceHostBase.InitializeDescription(UriSchemeKeyedCollection baseAddresses)
   at System.ServiceModel.ServiceHost..ctor(Type serviceType, Uri[] baseAddresses)
   at Autofac.Integration.Wcf.AutofacServiceHostFactory.CreateServiceHost(Type serviceType, Uri[] baseAddresses)
   at Autofac.Integration.Wcf.AutofacHostFactory.CreateServiceHost(String constructorString, Uri[] baseAddresses)
   at System.ServiceModel.ServiceHostingEnvironment.HostingManager.CreateService(String normalizedVirtualPath, EventTraceActivity eventTraceActivity)
   at System.ServiceModel.ServiceHostingEnvironment.HostingManager.ActivateService(ServiceActivationInfo serviceActivationInfo, EventTraceActivity eventTraceActivity)
   at System.ServiceModel.ServiceHostingEnvironment.HostingManager.EnsureServiceAvailable(String normalizedVirtualPath, EventTraceActivity eventTraceActivity)
   --- End of inner exception stack trace ---
   at System.Runtime.AsyncResult.End[TAsyncResult](IAsyncResult result)
   at System.ServiceModel.Activation.HostedHttpRequestAsyncResult.End(IAsyncResult result)
   at System.Web.HttpApplication.CallHandlerExecutionStep.OnAsyncHandlerCompletion(IAsyncResult ar)
2017-10-24 09:21:35.2730|ERROR|Global|Application error: System.ServiceModel.ServiceActivationException: The service '/Rhetos/RhetosService.svc' cannot be activated due to an exception during compilation.  The exception message is: Could not find a base address that matches scheme https for the endpoint with binding MetadataExchangeHttpsBinding. Registered base address schemes are [http].. ---> System.InvalidOperationException: Could not find a base address that matches scheme https for the endpoint with binding MetadataExchangeHttpsBinding. Registered base address schemes are [http].
   at System.ServiceModel.ServiceHostBase.MakeAbsoluteUri(Uri relativeOrAbsoluteUri, Binding binding, UriSchemeKeyedCollection baseAddresses)
   at System.ServiceModel.Description.ConfigLoader.LoadServiceDescription(ServiceHostBase host, ServiceDescription description, ServiceElement serviceElement, Action`1 addBaseAddress, Boolean skipHost)
   at System.ServiceModel.ServiceHostBase.LoadConfigurationSectionInternal(ConfigLoader configLoader, ServiceDescription description, ServiceElement serviceSection)
   at System.ServiceModel.ServiceHostBase.ApplyConfiguration()
   at System.ServiceModel.ServiceHostBase.InitializeDescription(UriSchemeKeyedCollection baseAddresses)
   at System.ServiceModel.ServiceHost..ctor(Type serviceType, Uri[] baseAddresses)
   at Autofac.Integration.Wcf.AutofacServiceHostFactory.CreateServiceHost(Type serviceType, Uri[] baseAddresses)
   at Autofac.Integration.Wcf.AutofacHostFactory.CreateServiceHost(String constructorString, Uri[] baseAddresses)
   at System.ServiceModel.ServiceHostingEnvironment.HostingManager.CreateService(String normalizedVirtualPath, EventTraceActivity eventTraceActivity)
   at System.ServiceModel.ServiceHostingEnvironment.HostingManager.ActivateService(ServiceActivationInfo serviceActivationInfo, EventTraceActivity eventTraceActivity)
   at System.ServiceModel.ServiceHostingEnvironment.HostingManager.EnsureServiceAvailable(String normalizedVirtualPath, EventTraceActivity eventTraceActivity)
   --- End of inner exception stack trace ---
   at System.Runtime.AsyncResult.End[TAsyncResult](IAsyncResult result)
   at System.ServiceModel.Activation.HostedHttpRequestAsyncResult.End(IAsyncResult result)
   at System.Web.HttpApplication.CallHandlerExecutionStep.OnAsyncHandlerCompletion(IAsyncResult ar)
2017-10-24 09:21:36.5071|ERROR|Global|Application error: System.ServiceModel.ServiceActivationException: The service '/Rhetos/RhetosService.svc' cannot be activated due to an exception during compilation.  The exception message is: Could not find a base address that matches scheme https for the endpoint with binding MetadataExchangeHttpsBinding. Registered base address schemes are [http].. ---> System.InvalidOperationException: Could not find a base address that matches scheme https for the endpoint with binding MetadataExchangeHttpsBinding. Registered base address schemes are [http].
   at System.ServiceModel.ServiceHostBase.MakeAbsoluteUri(Uri relativeOrAbsoluteUri, Binding binding, UriSchemeKeyedCollection baseAddresses)
   at System.ServiceModel.Description.ConfigLoader.LoadServiceDescription(ServiceHostBase host, ServiceDescription description, ServiceElement serviceElement, Action`1 addBaseAddress, Boolean skipHost)
   at System.ServiceModel.ServiceHostBase.LoadConfigurationSectionInternal(ConfigLoader configLoader, ServiceDescription description, ServiceElement serviceSection)
   at System.ServiceModel.ServiceHostBase.ApplyConfiguration()
   at System.ServiceModel.ServiceHostBase.InitializeDescription(UriSchemeKeyedCollection baseAddresses)
   at System.ServiceModel.ServiceHost..ctor(Type serviceType, Uri[] baseAddresses)
   at Autofac.Integration.Wcf.AutofacServiceHostFactory.CreateServiceHost(Type serviceType, Uri[] baseAddresses)
   at Autofac.Integration.Wcf.AutofacHostFactory.CreateServiceHost(String constructorString, Uri[] baseAddresses)
   at System.ServiceModel.ServiceHostingEnvironment.HostingManager.CreateService(String normalizedVirtualPath, EventTraceActivity eventTraceActivity)
   at System.ServiceModel.ServiceHostingEnvironment.HostingManager.ActivateService(ServiceActivationInfo serviceActivationInfo, EventTraceActivity eventTraceActivity)
   at System.ServiceModel.ServiceHostingEnvironment.HostingManager.EnsureServiceAvailable(String normalizedVirtualPath, EventTraceActivity eventTraceActivity)
   --- End of inner exception stack trace ---
   at System.Runtime.AsyncResult.End[TAsyncResult](IAsyncResult result)
   at System.ServiceModel.Activation.HostedHttpRequestAsyncResult.End(IAsyncResult result)
   at System.Web.HttpApplication.CallHandlerExecutionStep.OnAsyncHandlerCompletion(IAsyncResult ar)
2017-10-24 09:22:18.2336|ERROR|Global|Application error: System.ServiceModel.ServiceActivationException: The service '/Rhetos/RhetosService.svc' cannot be activated due to an exception during compilation.  The exception message is: The HttpsGetEnabled property of ServiceMetadataBehavior is set to true and the HttpsGetUrl property is a relative address, but there is no https base address.  Either supply an https base address or set HttpsGetUrl to an absolute address.. ---> System.InvalidOperationException: The HttpsGetEnabled property of ServiceMetadataBehavior is set to true and the HttpsGetUrl property is a relative address, but there is no https base address.  Either supply an https base address or set HttpsGetUrl to an absolute address.
   at System.ServiceModel.Description.ServiceMetadataBehavior.CreateHttpGetEndpoints(ServiceDescription description, ServiceHostBase host, ServiceMetadataExtension mex)
   at System.ServiceModel.Description.DispatcherBuilder.InitializeServiceHost(ServiceDescription description, ServiceHostBase serviceHost)
   at System.ServiceModel.ServiceHostBase.InitializeRuntime()
   at System.ServiceModel.ServiceHostBase.OnOpen(TimeSpan timeout)
   at System.ServiceModel.Channels.CommunicationObject.Open(TimeSpan timeout)
   at System.ServiceModel.ServiceHostingEnvironment.HostingManager.ActivateService(ServiceActivationInfo serviceActivationInfo, EventTraceActivity eventTraceActivity)
   at System.ServiceModel.ServiceHostingEnvironment.HostingManager.EnsureServiceAvailable(String normalizedVirtualPath, EventTraceActivity eventTraceActivity)
   --- End of inner exception stack trace ---
   at System.Runtime.AsyncResult.End[TAsyncResult](IAsyncResult result)
   at System.ServiceModel.Activation.HostedHttpRequestAsyncResult.End(IAsyncResult result)
   at System.Web.HttpApplication.CallHandlerExecutionStep.OnAsyncHandlerCompletion(IAsyncResult ar)
2017-10-24 09:22:20.0671|ERROR|Global|Application error: System.ServiceModel.ServiceActivationException: The service '/Rhetos/RhetosService.svc' cannot be activated due to an exception during compilation.  The exception message is: The HttpsGetEnabled property of ServiceMetadataBehavior is set to true and the HttpsGetUrl property is a relative address, but there is no https base address.  Either supply an https base address or set HttpsGetUrl to an absolute address.. ---> System.InvalidOperationException: The HttpsGetEnabled property of ServiceMetadataBehavior is set to true and the HttpsGetUrl property is a relative address, but there is no https base address.  Either supply an https base address or set HttpsGetUrl to an absolute address.
   at System.ServiceModel.Description.ServiceMetadataBehavior.CreateHttpGetEndpoints(ServiceDescription description, ServiceHostBase host, ServiceMetadataExtension mex)
   at System.ServiceModel.Description.DispatcherBuilder.InitializeServiceHost(ServiceDescription description, ServiceHostBase serviceHost)
   at System.ServiceModel.ServiceHostBase.InitializeRuntime()
   at System.ServiceModel.ServiceHostBase.OnOpen(TimeSpan timeout)
   at System.ServiceModel.Channels.CommunicationObject.Open(TimeSpan timeout)
   at System.ServiceModel.ServiceHostingEnvironment.HostingManager.ActivateService(ServiceActivationInfo serviceActivationInfo, EventTraceActivity eventTraceActivity)
   at System.ServiceModel.ServiceHostingEnvironment.HostingManager.EnsureServiceAvailable(String normalizedVirtualPath, EventTraceActivity eventTraceActivity)
   --- End of inner exception stack trace ---
   at System.Runtime.AsyncResult.End[TAsyncResult](IAsyncResult result)
   at System.ServiceModel.Activation.HostedHttpRequestAsyncResult.End(IAsyncResult result)
   at System.Web.HttpApplication.CallHandlerExecutionStep.OnAsyncHandlerCompletion(IAsyncResult ar)
2017-10-24 09:22:51.9442|ERROR|Global|Application error: System.ServiceModel.ServiceActivationException: The service '/Rhetos/RhetosService.svc' cannot be activated due to an exception during compilation.  The exception message is: The authentication schemes configured on the host ('IntegratedWindowsAuthentication') do not allow those configured on the binding 'BasicHttpBinding' ('Anonymous').  Please ensure that the SecurityMode is set to Transport or TransportCredentialOnly.  Additionally, this may be resolved by changing the authentication schemes for this application through the IIS management tool, through the ServiceHost.Authentication.AuthenticationSchemes property, in the application configuration file at the <serviceAuthenticationManager> element, by updating the ClientCredentialType property on the binding, or by adjusting the AuthenticationScheme property on the HttpTransportBindingElement.. ---> System.NotSupportedException: The authentication schemes configured on the host ('IntegratedWindowsAuthentication') do not allow those configured on the binding 'BasicHttpBinding' ('Anonymous').  Please ensure that the SecurityMode is set to Transport or TransportCredentialOnly.  Additionally, this may be resolved by changing the authentication schemes for this application through the IIS management tool, through the ServiceHost.Authentication.AuthenticationSchemes property, in the application configuration file at the <serviceAuthenticationManager> element, by updating the ClientCredentialType property on the binding, or by adjusting the AuthenticationScheme property on the HttpTransportBindingElement.
   at System.ServiceModel.Channels.HttpTransportBindingElement.UpdateAuthenticationSchemes(BindingContext context)
   at System.ServiceModel.Channels.HttpsTransportBindingElement.BuildChannelListener[TChannel](BindingContext context)
   at System.ServiceModel.Channels.Binding.BuildChannelListener[TChannel](Uri listenUriBaseAddress, String listenUriRelativeAddress, ListenUriMode listenUriMode, BindingParameterCollection parameters)
   at System.ServiceModel.Description.DispatcherBuilder.MaybeCreateListener(Boolean actuallyCreate, Type[] supportedChannels, Binding binding, BindingParameterCollection parameters, Uri listenUriBaseAddress, String listenUriRelativeAddress, ListenUriMode listenUriMode, ServiceThrottle throttle, IChannelListener& result, Boolean supportContextSession)
   at System.ServiceModel.Description.DispatcherBuilder.BuildChannelListener(StuffPerListenUriInfo stuff, ServiceHostBase serviceHost, Uri listenUri, ListenUriMode listenUriMode, Boolean supportContextSession, IChannelListener& result)
   at System.ServiceModel.Description.DispatcherBuilder.InitializeServiceHost(ServiceDescription description, ServiceHostBase serviceHost)
   at System.ServiceModel.ServiceHostBase.InitializeRuntime()
   at System.ServiceModel.ServiceHostBase.OnOpen(TimeSpan timeout)
   at System.ServiceModel.Channels.CommunicationObject.Open(TimeSpan timeout)
   at System.ServiceModel.ServiceHostingEnvironment.HostingManager.ActivateService(ServiceActivationInfo serviceActivationInfo, EventTraceActivity eventTraceActivity)
   at System.ServiceModel.ServiceHostingEnvironment.HostingManager.EnsureServiceAvailable(String normalizedVirtualPath, EventTraceActivity eventTraceActivity)
   --- End of inner exception stack trace ---
   at System.Runtime.AsyncResult.End[TAsyncResult](IAsyncResult result)
   at System.ServiceModel.Activation.HostedHttpRequestAsyncResult.End(IAsyncResult result)
   at System.Web.HttpApplication.CallHandlerExecutionStep.OnAsyncHandlerCompletion(IAsyncResult ar)
2017-10-24 09:24:17.4897|ERROR|Global|Application error: System.ServiceModel.ServiceActivationException: The service '/Rhetos/RhetosService.svc' cannot be activated due to an exception during compilation.  The exception message is: The authentication schemes configured on the host ('IntegratedWindowsAuthentication') do not allow those configured on the binding 'MetadataExchangeHttpsBinding' ('Anonymous').  Please ensure that the SecurityMode is set to Transport or TransportCredentialOnly.  Additionally, this may be resolved by changing the authentication schemes for this application through the IIS management tool, through the ServiceHost.Authentication.AuthenticationSchemes property, in the application configuration file at the <serviceAuthenticationManager> element, by updating the ClientCredentialType property on the binding, or by adjusting the AuthenticationScheme property on the HttpTransportBindingElement.. ---> System.NotSupportedException: The authentication schemes configured on the host ('IntegratedWindowsAuthentication') do not allow those configured on the binding 'MetadataExchangeHttpsBinding' ('Anonymous').  Please ensure that the SecurityMode is set to Transport or TransportCredentialOnly.  Additionally, this may be resolved by changing the authentication schemes for this application through the IIS management tool, through the ServiceHost.Authentication.AuthenticationSchemes property, in the application configuration file at the <serviceAuthenticationManager> element, by updating the ClientCredentialType property on the binding, or by adjusting the AuthenticationScheme property on the HttpTransportBindingElement.
   at System.ServiceModel.Channels.HttpTransportBindingElement.UpdateAuthenticationSchemes(BindingContext context)
   at System.ServiceModel.Channels.HttpsTransportBindingElement.BuildChannelListener[TChannel](BindingContext context)
   at System.ServiceModel.Channels.Binding.BuildChannelListener[TChannel](Uri listenUriBaseAddress, String listenUriRelativeAddress, ListenUriMode listenUriMode, BindingParameterCollection parameters)
   at System.ServiceModel.Description.DispatcherBuilder.MaybeCreateListener(Boolean actuallyCreate, Type[] supportedChannels, Binding binding, BindingParameterCollection parameters, Uri listenUriBaseAddress, String listenUriRelativeAddress, ListenUriMode listenUriMode, ServiceThrottle throttle, IChannelListener& result, Boolean supportContextSession)
   at System.ServiceModel.Description.DispatcherBuilder.BuildChannelListener(StuffPerListenUriInfo stuff, ServiceHostBase serviceHost, Uri listenUri, ListenUriMode listenUriMode, Boolean supportContextSession, IChannelListener& result)
   at System.ServiceModel.Description.DispatcherBuilder.InitializeServiceHost(ServiceDescription description, ServiceHostBase serviceHost)
   at System.ServiceModel.ServiceHostBase.InitializeRuntime()
   at System.ServiceModel.ServiceHostBase.OnOpen(TimeSpan timeout)
   at System.ServiceModel.Channels.CommunicationObject.Open(TimeSpan timeout)
   at System.ServiceModel.ServiceHostingEnvironment.HostingManager.ActivateService(ServiceActivationInfo serviceActivationInfo, EventTraceActivity eventTraceActivity)
   at System.ServiceModel.ServiceHostingEnvironment.HostingManager.EnsureServiceAvailable(String normalizedVirtualPath, EventTraceActivity eventTraceActivity)
   --- End of inner exception stack trace ---
   at System.Runtime.AsyncResult.End[TAsyncResult](IAsyncResult result)
   at System.ServiceModel.Activation.HostedHttpRequestAsyncResult.End(IAsyncResult result)
   at System.Web.HttpApplication.CallHandlerExecutionStep.OnAsyncHandlerCompletion(IAsyncResult ar)
2017-10-24 09:24:44.1394|ERROR|Global|Application error: System.ServiceModel.ServiceActivationException: The service '/Rhetos/RhetosService.svc' cannot be activated due to an exception during compilation.  The exception message is: The authentication schemes configured on the host ('IntegratedWindowsAuthentication') do not allow those configured on the binding 'BasicHttpBinding' ('Anonymous').  Please ensure that the SecurityMode is set to Transport or TransportCredentialOnly.  Additionally, this may be resolved by changing the authentication schemes for this application through the IIS management tool, through the ServiceHost.Authentication.AuthenticationSchemes property, in the application configuration file at the <serviceAuthenticationManager> element, by updating the ClientCredentialType property on the binding, or by adjusting the AuthenticationScheme property on the HttpTransportBindingElement.. ---> System.NotSupportedException: The authentication schemes configured on the host ('IntegratedWindowsAuthentication') do not allow those configured on the binding 'BasicHttpBinding' ('Anonymous').  Please ensure that the SecurityMode is set to Transport or TransportCredentialOnly.  Additionally, this may be resolved by changing the authentication schemes for this application through the IIS management tool, through the ServiceHost.Authentication.AuthenticationSchemes property, in the application configuration file at the <serviceAuthenticationManager> element, by updating the ClientCredentialType property on the binding, or by adjusting the AuthenticationScheme property on the HttpTransportBindingElement.
   at System.ServiceModel.Channels.HttpTransportBindingElement.UpdateAuthenticationSchemes(BindingContext context)
   at System.ServiceModel.Channels.HttpsTransportBindingElement.BuildChannelListener[TChannel](BindingContext context)
   at System.ServiceModel.Channels.Binding.BuildChannelListener[TChannel](Uri listenUriBaseAddress, String listenUriRelativeAddress, ListenUriMode listenUriMode, BindingParameterCollection parameters)
   at System.ServiceModel.Description.DispatcherBuilder.MaybeCreateListener(Boolean actuallyCreate, Type[] supportedChannels, Binding binding, BindingParameterCollection parameters, Uri listenUriBaseAddress, String listenUriRelativeAddress, ListenUriMode listenUriMode, ServiceThrottle throttle, IChannelListener& result, Boolean supportContextSession)
   at System.ServiceModel.Description.DispatcherBuilder.BuildChannelListener(StuffPerListenUriInfo stuff, ServiceHostBase serviceHost, Uri listenUri, ListenUriMode listenUriMode, Boolean supportContextSession, IChannelListener& result)
   at System.ServiceModel.Description.DispatcherBuilder.InitializeServiceHost(ServiceDescription description, ServiceHostBase serviceHost)
   at System.ServiceModel.ServiceHostBase.InitializeRuntime()
   at System.ServiceModel.ServiceHostBase.OnOpen(TimeSpan timeout)
   at System.ServiceModel.Channels.CommunicationObject.Open(TimeSpan timeout)
   at System.ServiceModel.ServiceHostingEnvironment.HostingManager.ActivateService(ServiceActivationInfo serviceActivationInfo, EventTraceActivity eventTraceActivity)
   at System.ServiceModel.ServiceHostingEnvironment.HostingManager.EnsureServiceAvailable(String normalizedVirtualPath, EventTraceActivity eventTraceActivity)
   --- End of inner exception stack trace ---
   at System.Runtime.AsyncResult.End[TAsyncResult](IAsyncResult result)
   at System.ServiceModel.Activation.HostedHttpRequestAsyncResult.End(IAsyncResult result)
   at System.Web.HttpApplication.CallHandlerExecutionStep.OnAsyncHandlerCompletion(IAsyncResult ar)
